<?xml version="1.0" encoding="UTF-8"?>
<!-- Generated by org.testng.reporters.JUnitReportReporter -->
<testsuite skipped="0" hostname="abraham" name="first_review_m.config_file" tests="1" failures="0" timestamp="12 Feb 2021 01:39:59 GMT" time="35.936" errors="0">
  <testcase name="config_example" time="35.936" classname="first_review_m.config_file"/>
</testsuite> <!-- first_review_m.config_file -->
